<?xml version="1.0" encoding="UTF-8"?>
<testsuite name="com.thoughtworks.javapracise.service.StudentGradeServiceTest" tests="2" skipped="0" failures="0" errors="0" timestamp="2018-04-17T13:34:40" hostname="CNjkwang.local" time="0.003">
  <properties/>
  <testcase name="shoud_add_student" classname="com.thoughtworks.javapracise.service.StudentGradeServiceTest" time="0.002"/>
  <testcase name="shoud_generate_report" classname="com.thoughtworks.javapracise.service.StudentGradeServiceTest" time="0.0"/>
  <system-out><![CDATA[]]></system-out>
  <system-err><![CDATA[]]></system-err>
</testsuite>
