<?xml version="1.0" encoding="UTF-8"?>
<testsuite name="com.thoughtworks.javapracise.entity.GradeReportBuilderTest" tests="4" skipped="0" failures="0" errors="0" timestamp="2018-04-17T13:34:40" hostname="CNjkwang.local" time="0.02">
  <properties/>
  <testcase name="should_get_report_includes_students" classname="com.thoughtworks.javapracise.entity.GradeReportBuilderTest" time="0.015"/>
  <testcase name="shoule_get_tital_and_average_score_with_any_stu_when_class_inclues_more_than_one_studentinfos" classname="com.thoughtworks.javapracise.entity.GradeReportBuilderTest" time="0.0"/>
  <testcase name="shoule_get_class_total_and_average_scorn_when_class_inclues_more_than_one_studentinfos" classname="com.thoughtworks.javapracise.entity.GradeReportBuilderTest" time="0.003"/>
  <testcase name="shoule_get_indicated_stus_report_when_include_un_exist_stu_input" classname="com.thoughtworks.javapracise.entity.GradeReportBuilderTest" time="0.0"/>
  <system-out><![CDATA[]]></system-out>
  <system-err><![CDATA[]]></system-err>
</testsuite>
